Build started 3/4/2013 3:28:58 PM.
     1>Project "C:\Users\Goosfraba\Documents\Visual Studio 2010\Projects\PSI-Helm Prototype\PSI-Helm Prototype\PSI-Helm Prototype.vcxproj" on node 2 (build target(s)).
     1>InitializeBuildStatus:
         Touching "Debug\PSI-Helm Prototype.unsuccessfulbuild".
       ClCompile:
         All outputs are up-to-date.
         C:\Program Files (x86)\Microsoft Visual Studio 10.0\VC\bin\CL.exe /c /I"C:\Users\Goosfraba\Downloads\irrlicht-1.8\irrlicht-1.8\include" /ZI /nologo /W3 /WX- /Od /Oy- /D WIN32 /D _DEBUG /D _CONSOLE /D _UNICODE /D UNICODE /Gm /EHsc /RTC1 /MDd /GS /fp:precise /Zc:wchar_t /Zc:forScope /Yu"StdAfx.h" /Fp"Debug\PSI-Helm Prototype.pch" /Fo"Debug\\" /Fd"Debug\vc100.pdb" /Gd /TP /analyze- /errorReport:prompt GameScreen.cpp "PSI-Helm Prototype.cpp"
         PSI-Helm Prototype.cpp
         GameScreen.cpp
         Generating Code...
       ManifestResourceCompile:
         All outputs are up-to-date.
       Link:
         C:\Program Files (x86)\Microsoft Visual Studio 10.0\VC\bin\link.exe /ERRORREPORT:PROMPT /OUT:"C:\Users\Goosfraba\Documents\Visual Studio 2010\Projects\PSI-Helm Prototype\Debug\PSI-Helm Prototype.exe" /INCREMENTAL /NOLOGO /LIBPATH:"C:\Users\Goosfraba\Downloads\irrlicht-1.8\irrlicht-1.8\lib\Win32-visualstudio" kernel32.lib user32.lib gdi32.lib winspool.lib comdlg32.lib advapi32.lib shell32.lib ole32.lib oleaut32.lib uuid.lib odbc32.lib odbccp32.lib /MANIFEST /ManifestFile:"Debug\PSI-Helm Prototype.exe.intermediate.manifest" /MANIFESTUAC:"level='asInvoker' uiAccess='false'" /DEBUG /PDB:"C:\Users\Goosfraba\Documents\Visual Studio 2010\Projects\PSI-Helm Prototype\Debug\PSI-Helm Prototype.pdb" /SUBSYSTEM:CONSOLE /TLBID:1 /DYNAMICBASE /NXCOMPAT /IMPLIB:"C:\Users\Goosfraba\Documents\Visual Studio 2010\Projects\PSI-Helm Prototype\Debug\PSI-Helm Prototype.lib" /MACHINE:X86 "Debug\PSI-Helm Prototype.exe.embed.manifest.res"
         Debug\GameScreen.obj
         Debug\MyEventReceiver.obj
         "Debug\PSI-Helm Prototype.obj"
         Debug\StandardObject.obj
         Debug\stdafx.obj
       Manifest:
         C:\Program Files (x86)\Microsoft SDKs\Windows\v7.0A\bin\mt.exe /nologo /verbose /out:"Debug\PSI-Helm Prototype.exe.embed.manifest" /manifest "Debug\PSI-Helm Prototype.exe.intermediate.manifest"
         All outputs are up-to-date.
       LinkEmbedManifest:
         All outputs are up-to-date.
         PSI-Helm Prototype.vcxproj -> C:\Users\Goosfraba\Documents\Visual Studio 2010\Projects\PSI-Helm Prototype\Debug\PSI-Helm Prototype.exe
       FinalizeBuildStatus:
         Deleting file "Debug\PSI-Helm Prototype.unsuccessfulbuild".
         Touching "Debug\PSI-Helm Prototype.lastbuildstate".
     1>Done Building Project "C:\Users\Goosfraba\Documents\Visual Studio 2010\Projects\PSI-Helm Prototype\PSI-Helm Prototype\PSI-Helm Prototype.vcxproj" (build target(s)).

Build succeeded.

Time Elapsed 00:00:02.70
