C:\Users\Danny van der Mast\Documents\School\BU\repository\TacticalRetreat\FirstPrototype\Debug\cl.command.1.tlog
C:\Users\Danny van der Mast\Documents\School\BU\repository\TacticalRetreat\FirstPrototype\Debug\CL.read.1.tlog
C:\Users\Danny van der Mast\Documents\School\BU\repository\TacticalRetreat\FirstPrototype\Debug\CL.write.1.tlog
C:\USERS\DANNY VAN DER MAST\DOCUMENTS\SCHOOL\BU\REPOSITORY\TACTICALRETREAT\FIRSTPROTOTYPE\DEBUG\FIRSTPROTOTYPE.EXE
C:\USERS\DANNY VAN DER MAST\DOCUMENTS\SCHOOL\BU\REPOSITORY\TACTICALRETREAT\FIRSTPROTOTYPE\DEBUG\FIRSTPROTOTYPE.EXE.EMBED.MANIFEST
C:\USERS\DANNY VAN DER MAST\DOCUMENTS\SCHOOL\BU\REPOSITORY\TACTICALRETREAT\FIRSTPROTOTYPE\DEBUG\FIRSTPROTOTYPE.EXE.EMBED.MANIFEST.RES
C:\USERS\DANNY VAN DER MAST\DOCUMENTS\SCHOOL\BU\REPOSITORY\TACTICALRETREAT\FIRSTPROTOTYPE\DEBUG\FIRSTPROTOTYPE.EXE.INTERMEDIATE.MANIFEST
C:\USERS\DANNY VAN DER MAST\DOCUMENTS\SCHOOL\BU\REPOSITORY\TACTICALRETREAT\FIRSTPROTOTYPE\DEBUG\FIRSTPROTOTYPE.ILK
C:\USERS\DANNY VAN DER MAST\DOCUMENTS\SCHOOL\BU\REPOSITORY\TACTICALRETREAT\FIRSTPROTOTYPE\DEBUG\FIRSTPROTOTYPE.OBJ
C:\USERS\DANNY VAN DER MAST\DOCUMENTS\SCHOOL\BU\REPOSITORY\TACTICALRETREAT\FIRSTPROTOTYPE\DEBUG\FIRSTPROTOTYPE.PCH
C:\USERS\DANNY VAN DER MAST\DOCUMENTS\SCHOOL\BU\REPOSITORY\TACTICALRETREAT\FIRSTPROTOTYPE\DEBUG\FIRSTPROTOTYPE.PDB
C:\Users\Danny van der Mast\Documents\School\BU\repository\TacticalRetreat\FirstPrototype\Debug\FirstPrototype_manifest.rc
C:\Users\Danny van der Mast\Documents\School\BU\repository\TacticalRetreat\FirstPrototype\Debug\link.8580.read.1.tlog
C:\Users\Danny van der Mast\Documents\School\BU\repository\TacticalRetreat\FirstPrototype\Debug\link.8580.write.1.tlog
C:\Users\Danny van der Mast\Documents\School\BU\repository\TacticalRetreat\FirstPrototype\Debug\link.8580-cvtres.read.1.tlog
C:\Users\Danny van der Mast\Documents\School\BU\repository\TacticalRetreat\FirstPrototype\Debug\link.8580-cvtres.write.1.tlog
C:\Users\Danny van der Mast\Documents\School\BU\repository\TacticalRetreat\FirstPrototype\Debug\link.command.1.tlog
C:\Users\Danny van der Mast\Documents\School\BU\repository\TacticalRetreat\FirstPrototype\Debug\link.read.1.tlog
C:\Users\Danny van der Mast\Documents\School\BU\repository\TacticalRetreat\FirstPrototype\Debug\link.write.1.tlog
C:\Users\Danny van der Mast\Documents\School\BU\repository\TacticalRetreat\FirstPrototype\Debug\link-cvtres.read.1.tlog
C:\Users\Danny van der Mast\Documents\School\BU\repository\TacticalRetreat\FirstPrototype\Debug\link-cvtres.write.1.tlog
C:\Users\Danny van der Mast\Documents\School\BU\repository\TacticalRetreat\FirstPrototype\Debug\mt.command.1.tlog
C:\Users\Danny van der Mast\Documents\School\BU\repository\TacticalRetreat\FirstPrototype\Debug\mt.read.1.tlog
C:\Users\Danny van der Mast\Documents\School\BU\repository\TacticalRetreat\FirstPrototype\Debug\mt.write.1.tlog
C:\Users\Danny van der Mast\Documents\School\BU\repository\TacticalRetreat\FirstPrototype\Debug\rc.command.1.tlog
C:\Users\Danny van der Mast\Documents\School\BU\repository\TacticalRetreat\FirstPrototype\Debug\rc.read.1.tlog
C:\Users\Danny van der Mast\Documents\School\BU\repository\TacticalRetreat\FirstPrototype\Debug\rc.write.1.tlog
C:\USERS\DANNY VAN DER MAST\DOCUMENTS\SCHOOL\BU\REPOSITORY\TACTICALRETREAT\FIRSTPROTOTYPE\DEBUG\STDAFX.OBJ
C:\Users\Danny van der Mast\Documents\School\BU\repository\TacticalRetreat\FirstPrototype\Debug\vc100.idb
C:\USERS\DANNY VAN DER MAST\DOCUMENTS\SCHOOL\BU\REPOSITORY\TACTICALRETREAT\FIRSTPROTOTYPE\DEBUG\VC100.PDB
