Build started 3/4/2013 2:46:41 PM.
     1>Project "C:\Users\Danny van der Mast\Documents\School\BU\repository\TacticalRetreat\FirstPrototype\FirstPrototype.vcxproj" on node 2 (build target(s)).
     1>InitializeBuildStatus:
         Creating "Debug\FirstPrototype.unsuccessfulbuild" because "AlwaysCreate" was specified.
       ClCompile:
         All outputs are up-to-date.
         C:\Program Files (x86)\Microsoft Visual Studio 10.0\VC\bin\CL.exe /c /I"..\irrlicht-1.8\include" /ZI /nologo /W3 /WX- /Od /Oy- /D WIN32 /D _DEBUG /D _CONSOLE /D _UNICODE /D UNICODE /Gm /EHsc /RTC1 /MDd /GS /fp:precise /Zc:wchar_t /Zc:forScope /Fo"Debug\\" /Fd"Debug\vc100.pdb" /Gd /TP /analyze- /errorReport:prompt FirstPrototype.cpp
         FirstPrototype.cpp
     1>c:\users\danny van der mast\documents\school\bu\repository\tacticalretreat\firstprototype\firstprototype.cpp(15): warning C4081: expected 'newline'; found ';'
       ManifestResourceCompile:
         All outputs are up-to-date.
       Link:
         C:\Program Files (x86)\Microsoft Visual Studio 10.0\VC\bin\link.exe /ERRORREPORT:PROMPT /OUT:"C:\Users\Danny van der Mast\Documents\School\BU\repository\TacticalRetreat\FirstPrototype\Debug\FirstPrototype.exe" /INCREMENTAL /NOLOGO /LIBPATH:"..\irrlicht-1.8\lib\Win32-visualstudio" irrlicht.lib kernel32.lib user32.lib gdi32.lib winspool.lib comdlg32.lib advapi32.lib shell32.lib ole32.lib oleaut32.lib uuid.lib odbc32.lib odbccp32.lib kernel32.lib user32.lib gdi32.lib winspool.lib comdlg32.lib advapi32.lib shell32.lib ole32.lib oleaut32.lib uuid.lib odbc32.lib odbccp32.lib /MANIFEST /ManifestFile:"Debug\FirstPrototype.exe.intermediate.manifest" /MANIFESTUAC:"level='asInvoker' uiAccess='false'" /DEBUG /PDB:"C:\Users\Danny van der Mast\Documents\School\BU\repository\TacticalRetreat\FirstPrototype\Debug\FirstPrototype.pdb" /SUBSYSTEM:CONSOLE /TLBID:1 /DYNAMICBASE /NXCOMPAT /IMPLIB:"C:\Users\Danny van der Mast\Documents\School\BU\repository\TacticalRetreat\FirstPrototype\Debug\FirstPrototype.lib" /MACHINE:X86 Debug\FirstPrototype.exe.embed.manifest.res
         Debug\FirstPrototype.obj
         Debug\stdafx.obj
       Manifest:
         C:\Program Files (x86)\Microsoft SDKs\Windows\v7.0A\bin\mt.exe /nologo /verbose /out:"Debug\FirstPrototype.exe.embed.manifest" /manifest Debug\FirstPrototype.exe.intermediate.manifest
         All outputs are up-to-date.
       LinkEmbedManifest:
         All outputs are up-to-date.
         FirstPrototype.vcxproj -> C:\Users\Danny van der Mast\Documents\School\BU\repository\TacticalRetreat\FirstPrototype\Debug\FirstPrototype.exe
       FinalizeBuildStatus:
         Deleting file "Debug\FirstPrototype.unsuccessfulbuild".
         Touching "Debug\FirstPrototype.lastbuildstate".
     1>Done Building Project "C:\Users\Danny van der Mast\Documents\School\BU\repository\TacticalRetreat\FirstPrototype\FirstPrototype.vcxproj" (build target(s)).

Build succeeded.

Time Elapsed 00:00:02.35
